<?xml version="1.0" encoding="UTF-8"?>
<testsuite name="com.company.buildings.logic.LogicUnitTests" tests="17" skipped="0" failures="0" errors="0" timestamp="2023-05-11T23:42:23" hostname="DESKTOP-L0JD8AB" time="0.027">
  <properties/>
  <testcase name="testCottageSecondFloor" classname="com.company.buildings.logic.LogicUnitTests" time="0.007"/>
  <testcase name="testHouseToString" classname="com.company.buildings.logic.LogicUnitTests" time="0.001"/>
  <testcase name="test_OfficeConstructor" classname="com.company.buildings.logic.LogicUnitTests" time="0.001"/>
  <testcase name="test_SetSpaces" classname="com.company.buildings.logic.LogicUnitTests" time="0.0"/>
  <testcase name="testBuildingSetAndGet" classname="com.company.buildings.logic.LogicUnitTests" time="0.0"/>
  <testcase name="testNeighborhoodArea" classname="com.company.buildings.logic.LogicUnitTests" time="0.001"/>
  <testcase name="test_OfficeLotArea" classname="com.company.buildings.logic.LogicUnitTests" time="0.001"/>
  <testcase name="test_OfficeArea" classname="com.company.buildings.logic.LogicUnitTests" time="0.001"/>
  <testcase name="testBuildingLotArea" classname="com.company.buildings.logic.LogicUnitTests" time="0.0"/>
  <testcase name="testBuildingArea" classname="com.company.buildings.logic.LogicUnitTests" time="0.004"/>
  <testcase name="testHouseEquals" classname="com.company.buildings.logic.LogicUnitTests" time="0.002"/>
  <testcase name="testCottageSingleFloor" classname="com.company.buildings.logic.LogicUnitTests" time="0.0"/>
  <testcase name="test_OfficeEquals" classname="com.company.buildings.logic.LogicUnitTests" time="0.001"/>
  <testcase name="test_OfficeString" classname="com.company.buildings.logic.LogicUnitTests" time="0.0"/>
  <testcase name="testHouseAreas" classname="com.company.buildings.logic.LogicUnitTests" time="0.001"/>
  <testcase name="testHouseOwner" classname="com.company.buildings.logic.LogicUnitTests" time="0.002"/>
  <testcase name="testHousePool" classname="com.company.buildings.logic.LogicUnitTests" time="0.0"/>
  <system-out><![CDATA[]]></system-out>
  <system-err><![CDATA[]]></system-err>
</testsuite>
