<?xml version="1.0" encoding="UTF-8"?>
<testsuite name="com.company.buildings.logic.tools.AutoGrader" tests="1" skipped="0" failures="0" errors="0" timestamp="2023-05-11T23:42:23" hostname="DESKTOP-L0JD8AB" time="0.039">
  <properties/>
  <testcase name="mainTest" classname="com.company.buildings.logic.tools.AutoGrader" time="0.039"/>
  <system-out><![CDATA[]]></system-out>
  <system-err><![CDATA[]]></system-err>
</testsuite>
