<?xml version="1.0" encoding="UTF-8"?>
<testsuite name="com.company.birthdayprob.logic.LogicUnitTests" tests="2" skipped="0" failures="0" errors="0" timestamp="2023-03-30T21:03:53" hostname="DESKTOP-L0JD8AB" time="134.558">
  <properties/>
  <testcase name="testResultRange" classname="com.company.birthdayprob.logic.LogicUnitTests" time="134.454"/>
  <testcase name="testCalculateThreshold" classname="com.company.birthdayprob.logic.LogicUnitTests" time="0.104"/>
  <system-out><![CDATA[]]></system-out>
  <system-err><![CDATA[]]></system-err>
</testsuite>
