<?xml version="1.0" encoding="UTF-8"?>
<testsuite name="com.company.gate.logic.tools.AutoGrader" tests="1" skipped="0" failures="0" errors="0" timestamp="2023-03-30T22:10:28" hostname="DESKTOP-L0JD8AB" time="0.04">
  <properties/>
  <testcase name="mainTest" classname="com.company.gate.logic.tools.AutoGrader" time="0.04"/>
  <system-out><![CDATA[]]></system-out>
  <system-err><![CDATA[]]></system-err>
</testsuite>
